This file contains any messages produced by compilers while
running configure, to aid debugging if configure makes a mistake.

It was created by libpng configure 1.2.29beta03, which was
generated by GNU Autoconf 2.62.  Invocation command line was

  $ ./configure --prefix=/c/devkitPro/portlibs/ppc CPPFLAGS=-I/c/devkitPro/portlibs/ppc/include LDFLAGS=-L/c/devkitPro/portlibs/ppc/lib --host=powerpc-eabi --disable-shared --enable-static

## --------- ##
## Platform. ##
## --------- ##

hostname = FIX94-PC
uname -m = i686
uname -r = 1.0.15(0.47/3/2)
uname -s = MINGW32_NT-6.1
uname -v = 2010-07-06 22:04

/usr/bin/uname -p = unknown
/bin/uname -X     = unknown

/bin/arch              = unknown
/usr/bin/arch -k       = unknown
/usr/convex/getsysinfo = unknown
/usr/bin/hostinfo      = unknown
/bin/machine           = unknown
/usr/bin/oslevel       = unknown
/bin/universe          = unknown

PATH: .
PATH: /usr/local/bin
PATH: /mingw/bin
PATH: /bin
PATH: /c/Program Files (x86)/ATI Stream/bin/x86_64
PATH: /c/Program Files (x86)/ATI Stream/bin/x86
PATH: /bin
PATH: /c/Windows/system32
PATH: /c/Windows
PATH: /c/Windows/System32/Wbem
PATH: /c/Windows/System32/WindowsPowerShell/v1.0/
PATH: /c/Program Files/Java/jdk1.6.0_27/bin
PATH: /c/Program Files (x86)/ATI Technologies/ATI.ACE/Core-Static
PATH: /c/devkitpro/devkitPPC/bin
PATH: /c/Python27
PATH: /c/Program Files (x86)/QT Lite/QTSystem
PATH: /c/Program Files (x86)/Microsoft SQL Server/90/Tools/binn/
PATH: /c/Program Files (x86)/IVT Corporation/BlueSoleil/Mobile
PATH: /c/Windows/system32/wbem
PATH: /c/Program Files (x86)/Wiimm/WIT
PATH: /c/Program Files (x86)/Git/cmd
PATH: /mingw/bin
PATH: /c/Program Files/TortoiseSVN/bin
PATH: /c/Program Files/TortoiseGit/bin


## ----------- ##
## Core tests. ##
## ----------- ##

configure:2091: checking for a BSD-compatible install
configure:2159: result: /bin/install -c
configure:2170: checking whether build environment is sane
configure:2213: result: yes
configure:2238: checking for a thread-safe mkdir -p
configure:2277: result: /bin/mkdir -p
configure:2290: checking for gawk
configure:2306: found /bin/gawk
configure:2317: result: gawk
configure:2328: checking whether make sets $(MAKE)
configure:2350: result: yes
configure:2430: checking for powerpc-eabi-strip
configure:2446: found /c/devkitpro/devkitPPC/bin/powerpc-eabi-strip
configure:2457: result: powerpc-eabi-strip
configure:2538: checking whether to enable maintainer-specific portions of Makefiles
configure:2547: result: no
configure:2580: checking for powerpc-eabi-gcc
configure:2596: found /c/devkitpro/devkitPPC/bin/powerpc-eabi-gcc
configure:2607: result: powerpc-eabi-gcc
configure:2885: checking for C compiler version
configure:2893: powerpc-eabi-gcc --version >&5
powerpc-eabi-gcc.exe (devkitPPC release 26) 4.6.3
Copyright (C) 2011 Free Software Foundation, Inc.
This is free software; see the source for copying conditions.  There is NO
warranty; not even for MERCHANTABILITY or FITNESS FOR A PARTICULAR PURPOSE.

configure:2897: $? = 0
configure:2904: powerpc-eabi-gcc -v >&5
Using built-in specs.
COLLECT_GCC=c:\devkitpro\devkitPPC\bin\powerpc-eabi-gcc.exe
COLLECT_LTO_WRAPPER=c:/devkitpro/devkitppc/bin/../libexec/gcc/powerpc-eabi/4.6.3/lto-wrapper.exe
Target: powerpc-eabi
Configured with: ../../gcc-4.6.3/configure --enable-languages=c,c++,objc --enable-lto --with-cpu=750 --disable-nls --disable-shared --enable-threads --disable-multilib --disable-win32-registry --disable-libstdcxx-pch --target=powerpc-eabi --with-newlib --with-headers=../../newlib-1.20.0/newlib/libc/include --prefix=/opt/devkitpro/i686-w64-mingw32/devkitPPC --disable-dependency-tracking --with-bugurl=http://wiki.devkitpro.org/index.php/Bug_Reports --with-pkgversion='devkitPPC release 26' --build=x86_64-unknown-linux-gnu --host=i686-w64-mingw32
Thread model: single
gcc version 4.6.3 (devkitPPC release 26) 
configure:2908: $? = 0
configure:2915: powerpc-eabi-gcc -V >&5
powerpc-eabi-gcc.exe: error: unrecognized option '-V'
powerpc-eabi-gcc.exe: fatal error: no input files
compilation terminated.
configure:2919: $? = 1
configure:2942: checking for C compiler default output file name
configure:2964: powerpc-eabi-gcc  -I/c/devkitPro/portlibs/ppc/include -L/c/devkitPro/portlibs/ppc/lib conftest.c  >&5
configure:2968: $? = 0
configure:3006: result: a.out
configure:3023: checking whether the C compiler works
configure:3033: ./a.out
./a.out: ./a.out: cannot execute binary file
configure:3037: $? = 126
configure:3054: result: yes
configure:3061: checking whether we are cross compiling
configure:3063: result: yes
configure:3066: checking for suffix of executables
configure:3073: powerpc-eabi-gcc -o conftest  -I/c/devkitPro/portlibs/ppc/include -L/c/devkitPro/portlibs/ppc/lib conftest.c  >&5
configure:3077: $? = 0
configure:3101: result: 
configure:3107: checking for suffix of object files
configure:3133: powerpc-eabi-gcc -c  -I/c/devkitPro/portlibs/ppc/include conftest.c >&5
configure:3137: $? = 0
configure:3160: result: o
configure:3164: checking whether we are using the GNU C compiler
configure:3193: powerpc-eabi-gcc -c  -I/c/devkitPro/portlibs/ppc/include conftest.c >&5
configure:3200: $? = 0
configure:3217: result: yes
configure:3226: checking whether powerpc-eabi-gcc accepts -g
configure:3256: powerpc-eabi-gcc -c -g -I/c/devkitPro/portlibs/ppc/include conftest.c >&5
configure:3263: $? = 0
configure:3364: result: yes
configure:3381: checking for powerpc-eabi-gcc option to accept ISO C89
configure:3455: powerpc-eabi-gcc  -c -g -O2 -I/c/devkitPro/portlibs/ppc/include conftest.c >&5
configure:3462: $? = 0
configure:3485: result: none needed
configure:3514: checking for style of include used by make
configure:3542: result: GNU
configure:3567: checking dependency style of powerpc-eabi-gcc
configure:3658: result: gcc3
configure:3679: checking build system type
configure:3697: result: i686-pc-mingw32
configure:3719: checking host system type
configure:3734: result: powerpc-unknown-eabi
configure:3756: checking for a sed that does not truncate output
configure:3822: result: /bin/sed
configure:3840: checking for grep that handles long lines and -e
configure:3900: result: /bin/grep
configure:3905: checking for egrep
configure:3969: result: /bin/grep -E
configure:3974: checking for fgrep
configure:4038: result: /bin/grep -F
configure:4073: checking for ld used by powerpc-eabi-gcc
configure:4140: result: c:/devkitpro/devkitppc/powerpc-eabi/bin/ld.exe
configure:4149: checking if the linker (c:/devkitpro/devkitppc/powerpc-eabi/bin/ld.exe) is GNU ld
configure:4164: result: yes
configure:4181: checking how to run the C preprocessor
configure:4221: powerpc-eabi-gcc -E -I/c/devkitPro/portlibs/ppc/include conftest.c
configure:4228: $? = 0
configure:4259: powerpc-eabi-gcc -E -I/c/devkitPro/portlibs/ppc/include conftest.c
conftest.c:10:28: fatal error: ac_nonexistent.h: No such file or directory
compilation terminated.
configure:4266: $? = 1
configure: failed program was:
| /* confdefs.h.  */
| #define PACKAGE_NAME "libpng"
| #define PACKAGE_TARNAME "libpng"
| #define PACKAGE_VERSION "1.2.29beta03"
| #define PACKAGE_STRING "libpng 1.2.29beta03"
| #define PACKAGE_BUGREPORT "png-mng-implement@lists.sourceforge.net"
| #define PACKAGE "libpng"
| #define VERSION "1.2.29beta03"
| /* end confdefs.h.  */
| #include <ac_nonexistent.h>
configure:4299: result: powerpc-eabi-gcc -E
configure:4328: powerpc-eabi-gcc -E -I/c/devkitPro/portlibs/ppc/include conftest.c
configure:4335: $? = 0
configure:4366: powerpc-eabi-gcc -E -I/c/devkitPro/portlibs/ppc/include conftest.c
conftest.c:10:28: fatal error: ac_nonexistent.h: No such file or directory
compilation terminated.
configure:4373: $? = 1
configure: failed program was:
| /* confdefs.h.  */
| #define PACKAGE_NAME "libpng"
| #define PACKAGE_TARNAME "libpng"
| #define PACKAGE_VERSION "1.2.29beta03"
| #define PACKAGE_STRING "libpng 1.2.29beta03"
| #define PACKAGE_BUGREPORT "png-mng-implement@lists.sourceforge.net"
| #define PACKAGE "libpng"
| #define VERSION "1.2.29beta03"
| /* end confdefs.h.  */
| #include <ac_nonexistent.h>
configure:4413: checking for powerpc-eabi-sed
configure:4440: result: /bin/sed
configure:4835: checking for a BSD-compatible install
configure:4903: result: /bin/install -c
configure:4914: checking whether ln -s works
configure:4921: result: no, using cp -p
configure:4925: checking whether make sets $(MAKE)
configure:4947: result: yes
configure:4981: checking for BSD- or MS-compatible name lister (nm)
configure:5030: result: /c/devkitpro/devkitPPC/bin/powerpc-eabi-nm
configure:5152: checking the name lister (/c/devkitpro/devkitPPC/bin/powerpc-eabi-nm) interface
configure:5159: powerpc-eabi-gcc -c -g -O2 -I/c/devkitPro/portlibs/ppc/include conftest.c >&5
configure:5162: /c/devkitpro/devkitPPC/bin/powerpc-eabi-nm "conftest.o"
configure:5165: output
00000000 S some_variable
configure:5172: result: BSD nm
configure:5176: checking the maximum length of command line arguments
configure:5296: result: 8192
configure:5313: checking whether the shell understands some XSI constructs
configure:5323: result: yes
configure:5327: checking whether the shell understands "+="
configure:5333: result: yes
configure:5368: checking for c:/devkitpro/devkitppc/powerpc-eabi/bin/ld.exe option to reload object files
configure:5375: result: -r
configure:5402: checking how to recognize dependent libraries
configure:5592: result: unknown
configure:5612: checking for powerpc-eabi-ar
configure:5628: found /c/devkitpro/devkitPPC/bin/powerpc-eabi-ar
configure:5639: result: powerpc-eabi-ar
configure:5721: checking for powerpc-eabi-strip
configure:5748: result: powerpc-eabi-strip
configure:5824: checking for powerpc-eabi-ranlib
configure:5840: found /c/devkitpro/devkitPPC/bin/powerpc-eabi-ranlib
configure:5851: result: powerpc-eabi-ranlib
configure:5985: checking command to parse /c/devkitpro/devkitPPC/bin/powerpc-eabi-nm output from powerpc-eabi-gcc object
configure:6103: powerpc-eabi-gcc -c -g -O2 -I/c/devkitPro/portlibs/ppc/include conftest.c >&5
configure:6106: $? = 0
configure:6110: /c/devkitpro/devkitPPC/bin/powerpc-eabi-nm conftest.o \| sed -n -e 's/^.*[	 ]\([ABCDGIRSTW][ABCDGIRSTW]*\)[	 ][	 ]*\([_A-Za-z][_A-Za-z0-9]*\)\{0,1\}$/\1 \2 \2/p' \> conftest.nm
configure:6113: $? = 0
configure:6167: powerpc-eabi-gcc -o conftest -g -O2 -I/c/devkitPro/portlibs/ppc/include -L/c/devkitPro/portlibs/ppc/lib conftest.c conftstm.o >&5
configure:6170: $? = 0
configure:6208: result: ok
configure:6889: checking for ANSI C header files
configure:6919: powerpc-eabi-gcc -c -g -O2 -I/c/devkitPro/portlibs/ppc/include conftest.c >&5
configure:6926: $? = 0
configure:7057: result: yes
configure:7081: checking for sys/types.h
configure:7102: powerpc-eabi-gcc -c -g -O2 -I/c/devkitPro/portlibs/ppc/include conftest.c >&5
configure:7109: $? = 0
configure:7126: result: yes
configure:7081: checking for sys/stat.h
configure:7102: powerpc-eabi-gcc -c -g -O2 -I/c/devkitPro/portlibs/ppc/include conftest.c >&5
configure:7109: $? = 0
configure:7126: result: yes
configure:7081: checking for stdlib.h
configure:7102: powerpc-eabi-gcc -c -g -O2 -I/c/devkitPro/portlibs/ppc/include conftest.c >&5
configure:7109: $? = 0
configure:7126: result: yes
configure:7081: checking for string.h
configure:7102: powerpc-eabi-gcc -c -g -O2 -I/c/devkitPro/portlibs/ppc/include conftest.c >&5
configure:7109: $? = 0
configure:7126: result: yes
configure:7081: checking for memory.h
configure:7102: powerpc-eabi-gcc -c -g -O2 -I/c/devkitPro/portlibs/ppc/include conftest.c >&5
conftest.c:49:20: fatal error: memory.h: No such file or directory
compilation terminated.
configure:7109: $? = 1
configure: failed program was:
| /* confdefs.h.  */
| #define PACKAGE_NAME "libpng"
| #define PACKAGE_TARNAME "libpng"
| #define PACKAGE_VERSION "1.2.29beta03"
| #define PACKAGE_STRING "libpng 1.2.29beta03"
| #define PACKAGE_BUGREPORT "png-mng-implement@lists.sourceforge.net"
| #define PACKAGE "libpng"
| #define VERSION "1.2.29beta03"
| #define STDC_HEADERS 1
| #define HAVE_SYS_TYPES_H 1
| #define HAVE_SYS_STAT_H 1
| #define HAVE_STDLIB_H 1
| #define HAVE_STRING_H 1
| /* end confdefs.h.  */
| #include <stdio.h>
| #ifdef HAVE_SYS_TYPES_H
| # include <sys/types.h>
| #endif
| #ifdef HAVE_SYS_STAT_H
| # include <sys/stat.h>
| #endif
| #ifdef STDC_HEADERS
| # include <stdlib.h>
| # include <stddef.h>
| #else
| # ifdef HAVE_STDLIB_H
| #  include <stdlib.h>
| # endif
| #endif
| #ifdef HAVE_STRING_H
| # if !defined STDC_HEADERS && defined HAVE_MEMORY_H
| #  include <memory.h>
| # endif
| # include <string.h>
| #endif
| #ifdef HAVE_STRINGS_H
| # include <strings.h>
| #endif
| #ifdef HAVE_INTTYPES_H
| # include <inttypes.h>
| #endif
| #ifdef HAVE_STDINT_H
| # include <stdint.h>
| #endif
| #ifdef HAVE_UNISTD_H
| # include <unistd.h>
| #endif
| 
| #include <memory.h>
configure:7126: result: no
configure:7081: checking for strings.h
configure:7102: powerpc-eabi-gcc -c -g -O2 -I/c/devkitPro/portlibs/ppc/include conftest.c >&5
configure:7109: $? = 0
configure:7126: result: yes
configure:7081: checking for inttypes.h
configure:7102: powerpc-eabi-gcc -c -g -O2 -I/c/devkitPro/portlibs/ppc/include conftest.c >&5
configure:7109: $? = 0
configure:7126: result: yes
configure:7081: checking for stdint.h
configure:7102: powerpc-eabi-gcc -c -g -O2 -I/c/devkitPro/portlibs/ppc/include conftest.c >&5
configure:7109: $? = 0
configure:7126: result: yes
configure:7081: checking for unistd.h
configure:7102: powerpc-eabi-gcc -c -g -O2 -I/c/devkitPro/portlibs/ppc/include conftest.c >&5
configure:7109: $? = 0
configure:7126: result: yes
configure:7143: checking for dlfcn.h
configure:7164: powerpc-eabi-gcc -c -g -O2 -I/c/devkitPro/portlibs/ppc/include conftest.c >&5
conftest.c:53:19: fatal error: dlfcn.h: No such file or directory
compilation terminated.
configure:7171: $? = 1
configure: failed program was:
| /* confdefs.h.  */
| #define PACKAGE_NAME "libpng"
| #define PACKAGE_TARNAME "libpng"
| #define PACKAGE_VERSION "1.2.29beta03"
| #define PACKAGE_STRING "libpng 1.2.29beta03"
| #define PACKAGE_BUGREPORT "png-mng-implement@lists.sourceforge.net"
| #define PACKAGE "libpng"
| #define VERSION "1.2.29beta03"
| #define STDC_HEADERS 1
| #define HAVE_SYS_TYPES_H 1
| #define HAVE_SYS_STAT_H 1
| #define HAVE_STDLIB_H 1
| #define HAVE_STRING_H 1
| #define HAVE_STRINGS_H 1
| #define HAVE_INTTYPES_H 1
| #define HAVE_STDINT_H 1
| #define HAVE_UNISTD_H 1
| /* end confdefs.h.  */
| #include <stdio.h>
| #ifdef HAVE_SYS_TYPES_H
| # include <sys/types.h>
| #endif
| #ifdef HAVE_SYS_STAT_H
| # include <sys/stat.h>
| #endif
| #ifdef STDC_HEADERS
| # include <stdlib.h>
| # include <stddef.h>
| #else
| # ifdef HAVE_STDLIB_H
| #  include <stdlib.h>
| # endif
| #endif
| #ifdef HAVE_STRING_H
| # if !defined STDC_HEADERS && defined HAVE_MEMORY_H
| #  include <memory.h>
| # endif
| # include <string.h>
| #endif
| #ifdef HAVE_STRINGS_H
| # include <strings.h>
| #endif
| #ifdef HAVE_INTTYPES_H
| # include <inttypes.h>
| #endif
| #ifdef HAVE_STDINT_H
| # include <stdint.h>
| #endif
| #ifdef HAVE_UNISTD_H
| # include <unistd.h>
| #endif
| 
| #include <dlfcn.h>
configure:7188: result: no
configure:7371: checking for objdir
configure:7386: result: .libs
configure:7678: checking if powerpc-eabi-gcc supports -fno-rtti -fno-exceptions
configure:7696: powerpc-eabi-gcc -c -g -O2 -I/c/devkitPro/portlibs/ppc/include -fno-rtti -fno-exceptions conftest.c >&5
cc1.exe: warning: command line option '-fno-rtti' is valid for C++/ObjC++ but not for C [enabled by default]
configure:7700: $? = 0
configure:7713: result: no
configure:7733: checking for powerpc-eabi-gcc option to produce PIC
configure:7990: result: -fPIC -DPIC
configure:8002: checking if powerpc-eabi-gcc PIC flag -fPIC -DPIC works
configure:8020: powerpc-eabi-gcc -c -g -O2 -I/c/devkitPro/portlibs/ppc/include -fPIC -DPIC -DPIC conftest.c >&5
configure:8024: $? = 0
configure:8037: result: yes
configure:8061: checking if powerpc-eabi-gcc static flag -static works
configure:8089: result: yes
configure:8104: checking if powerpc-eabi-gcc supports -c -o file.o
configure:8125: powerpc-eabi-gcc -c -g -O2 -I/c/devkitPro/portlibs/ppc/include -o out/conftest2.o conftest.c >&5
configure:8129: $? = 0
configure:8151: result: yes
configure:8159: checking if powerpc-eabi-gcc supports -c -o file.o
configure:8206: result: yes
configure:8239: checking whether the powerpc-eabi-gcc linker (c:/devkitpro/devkitppc/powerpc-eabi/bin/ld.exe) supports shared libraries
configure:9305: result: yes
configure:9544: checking dynamic linker characteristics
configure:10227: result: no
configure:10329: checking how to hardcode library paths into programs
configure:10354: result: immediate
configure:11195: checking whether stripping libraries is possible
configure:11200: result: yes
configure:11235: checking if libtool supports shared libraries
configure:11237: result: no
configure:11240: checking whether to build shared libraries
configure:11261: result: no
configure:11264: checking whether to build static libraries
configure:11268: result: yes
configure:11305: checking for ANSI C header files
configure:11473: result: yes
configure:11502: checking malloc.h usability
configure:11519: powerpc-eabi-gcc -c -g -O2 -I/c/devkitPro/portlibs/ppc/include conftest.c >&5
configure:11526: $? = 0
configure:11540: result: yes
configure:11544: checking malloc.h presence
configure:11559: powerpc-eabi-gcc -E -I/c/devkitPro/portlibs/ppc/include conftest.c
configure:11566: $? = 0
configure:11580: result: yes
configure:11613: checking for malloc.h
configure:11622: result: yes
configure:11491: checking for stdlib.h
configure:11498: result: yes
configure:11491: checking for string.h
configure:11498: result: yes
configure:11491: checking for strings.h
configure:11498: result: yes
configure:11638: checking for an ANSI C-conforming const
configure:11713: powerpc-eabi-gcc -c -g -O2 -I/c/devkitPro/portlibs/ppc/include conftest.c >&5
configure:11720: $? = 0
configure:11735: result: yes
configure:11745: checking for size_t
configure:11773: powerpc-eabi-gcc -c -g -O2 -I/c/devkitPro/portlibs/ppc/include conftest.c >&5
configure:11780: $? = 0
configure:11807: powerpc-eabi-gcc -c -g -O2 -I/c/devkitPro/portlibs/ppc/include conftest.c >&5
conftest.c: In function 'main':
conftest.c:61:21: error: expected expression before ')' token
configure:11814: $? = 1
configure: failed program was:
| /* confdefs.h.  */
| #define PACKAGE_NAME "libpng"
| #define PACKAGE_TARNAME "libpng"
| #define PACKAGE_VERSION "1.2.29beta03"
| #define PACKAGE_STRING "libpng 1.2.29beta03"
| #define PACKAGE_BUGREPORT "png-mng-implement@lists.sourceforge.net"
| #define PACKAGE "libpng"
| #define VERSION "1.2.29beta03"
| #define STDC_HEADERS 1
| #define HAVE_SYS_TYPES_H 1
| #define HAVE_SYS_STAT_H 1
| #define HAVE_STDLIB_H 1
| #define HAVE_STRING_H 1
| #define HAVE_STRINGS_H 1
| #define HAVE_INTTYPES_H 1
| #define HAVE_STDINT_H 1
| #define HAVE_UNISTD_H 1
| #define LT_OBJDIR ".libs/"
| #define STDC_HEADERS 1
| #define HAVE_MALLOC_H 1
| #define HAVE_STDLIB_H 1
| #define HAVE_STRING_H 1
| #define HAVE_STRINGS_H 1
| /* end confdefs.h.  */
| #include <stdio.h>
| #ifdef HAVE_SYS_TYPES_H
| # include <sys/types.h>
| #endif
| #ifdef HAVE_SYS_STAT_H
| # include <sys/stat.h>
| #endif
| #ifdef STDC_HEADERS
| # include <stdlib.h>
| # include <stddef.h>
| #else
| # ifdef HAVE_STDLIB_H
| #  include <stdlib.h>
| # endif
| #endif
| #ifdef HAVE_STRING_H
| # if !defined STDC_HEADERS && defined HAVE_MEMORY_H
| #  include <memory.h>
| # endif
| # include <string.h>
| #endif
| #ifdef HAVE_STRINGS_H
| # include <strings.h>
| #endif
| #ifdef HAVE_INTTYPES_H
| # include <inttypes.h>
| #endif
| #ifdef HAVE_STDINT_H
| # include <stdint.h>
| #endif
| #ifdef HAVE_UNISTD_H
| # include <unistd.h>
| #endif
| int
| main ()
| {
| if (sizeof ((size_t)))
| 	  return 0;
|   ;
|   return 0;
| }
configure:11837: result: yes
configure:11849: checking whether struct tm is in sys/time.h or time.h
configure:11879: powerpc-eabi-gcc -c -g -O2 -I/c/devkitPro/portlibs/ppc/include conftest.c >&5
configure:11886: $? = 0
configure:11901: result: time.h
configure:11913: checking for working strtod
configure:11995: result: no
configure:12004: checking for pow
configure:12060: powerpc-eabi-gcc -o conftest -g -O2 -I/c/devkitPro/portlibs/ppc/include -L/c/devkitPro/portlibs/ppc/lib conftest.c  >&5
conftest.c:48:6: warning: conflicting types for built-in function 'pow' [enabled by default]
C:\Users\ADMINI~1\AppData\Local\Temp\ccArEOr1.o: In function `main':
c:\libpng-1.2.29/conftest.c:59: undefined reference to `pow'
collect2: ld returned 1 exit status
configure:12067: $? = 1
configure: failed program was:
| /* confdefs.h.  */
| #define PACKAGE_NAME "libpng"
| #define PACKAGE_TARNAME "libpng"
| #define PACKAGE_VERSION "1.2.29beta03"
| #define PACKAGE_STRING "libpng 1.2.29beta03"
| #define PACKAGE_BUGREPORT "png-mng-implement@lists.sourceforge.net"
| #define PACKAGE "libpng"
| #define VERSION "1.2.29beta03"
| #define STDC_HEADERS 1
| #define HAVE_SYS_TYPES_H 1
| #define HAVE_SYS_STAT_H 1
| #define HAVE_STDLIB_H 1
| #define HAVE_STRING_H 1
| #define HAVE_STRINGS_H 1
| #define HAVE_INTTYPES_H 1
| #define HAVE_STDINT_H 1
| #define HAVE_UNISTD_H 1
| #define LT_OBJDIR ".libs/"
| #define STDC_HEADERS 1
| #define HAVE_MALLOC_H 1
| #define HAVE_STDLIB_H 1
| #define HAVE_STRING_H 1
| #define HAVE_STRINGS_H 1
| /* end confdefs.h.  */
| /* Define pow to an innocuous variant, in case <limits.h> declares pow.
|    For example, HP-UX 11i <limits.h> declares gettimeofday.  */
| #define pow innocuous_pow
| 
| /* System header to define __stub macros and hopefully few prototypes,
|     which can conflict with char pow (); below.
|     Prefer <limits.h> to <assert.h> if __STDC__ is defined, since
|     <limits.h> exists even on freestanding compilers.  */
| 
| #ifdef __STDC__
| # include <limits.h>
| #else
| # include <assert.h>
| #endif
| 
| #undef pow
| 
| /* Override any GCC internal prototype to avoid an error.
|    Use char because int might match the return type of a GCC
|    builtin and then its argument prototype would still apply.  */
| #ifdef __cplusplus
| extern "C"
| #endif
| char pow ();
| /* The GNU C library defines this for functions which it implements
|     to always fail with ENOSYS.  Some functions are actually named
|     something starting with __ and the normal name is an alias.  */
| #if defined __stub_pow || defined __stub___pow
| choke me
| #endif
| 
| int
| main ()
| {
| return pow ();
|   ;
|   return 0;
| }
configure:12087: result: no
configure:12091: checking for pow in -lm
configure:12126: powerpc-eabi-gcc -o conftest -g -O2 -I/c/devkitPro/portlibs/ppc/include -L/c/devkitPro/portlibs/ppc/lib conftest.c -lm   >&5
conftest.c:32:6: warning: conflicting types for built-in function 'pow' [enabled by default]
configure:12133: $? = 0
configure:12154: result: yes
configure:12171: checking for memset
configure:12227: powerpc-eabi-gcc -o conftest -g -O2 -I/c/devkitPro/portlibs/ppc/include -L/c/devkitPro/portlibs/ppc/lib conftest.c  >&5
conftest.c:48:6: warning: conflicting types for built-in function 'memset' [enabled by default]
configure:12234: $? = 0
configure:12256: result: yes
configure:12275: checking for pow
configure:12360: result: no
configure:12370: checking for pow in -lm
configure:12433: result: yes
configure:12452: checking for zlibVersion in -lz
configure:12487: powerpc-eabi-gcc -o conftest -g -O2 -I/c/devkitPro/portlibs/ppc/include -L/c/devkitPro/portlibs/ppc/lib conftest.c -lz  -lm  >&5
configure:12494: $? = 0
configure:12515: result: yes
configure:12532: checking if assembler code in pnggccrd.c can be compiled without PNG_NO_MMX_CODE
configure:12555: powerpc-eabi-gcc -c -g -O2 -I/c/devkitPro/portlibs/ppc/include conftest.c >&5
configure:12562: $? = 0
configure:12567: result: yes
configure:12584: checking if libraries can be versioned
configure:12589: result: yes
configure:12608: checking for symbol prefix
configure:12615: result: 
configure:12637: pkgconfig directory is ${libdir}/pkgconfig
configure:12811: creating ./config.status

## ---------------------- ##
## Running config.status. ##
## ---------------------- ##

This file was extended by libpng config.status 1.2.29beta03, which was
generated by GNU Autoconf 2.62.  Invocation command line was

  CONFIG_FILES    = 
  CONFIG_HEADERS  = 
  CONFIG_LINKS    = 
  CONFIG_COMMANDS = 
  $ ./config.status 

on FIX94-PC

config.status:1001: creating Makefile
config.status:1001: creating libpng.pc
config.status:1001: creating libpng-config
config.status:1001: creating config.h
config.status:1275: executing depfiles commands
config.status:1275: executing libtool commands

## ---------------- ##
## Cache variables. ##
## ---------------- ##

ac_cv_build=i686-pc-mingw32
ac_cv_c_compiler_gnu=yes
ac_cv_c_const=yes
ac_cv_env_CC_set=
ac_cv_env_CC_value=
ac_cv_env_CFLAGS_set=
ac_cv_env_CFLAGS_value=
ac_cv_env_CPPFLAGS_set=set
ac_cv_env_CPPFLAGS_value=-I/c/devkitPro/portlibs/ppc/include
ac_cv_env_CPP_set=
ac_cv_env_CPP_value=
ac_cv_env_LDFLAGS_set=set
ac_cv_env_LDFLAGS_value=-L/c/devkitPro/portlibs/ppc/lib
ac_cv_env_LIBS_set=
ac_cv_env_LIBS_value=
ac_cv_env_build_alias_set=
ac_cv_env_build_alias_value=
ac_cv_env_host_alias_set=set
ac_cv_env_host_alias_value=powerpc-eabi
ac_cv_env_target_alias_set=
ac_cv_env_target_alias_value=
ac_cv_func_memset=yes
ac_cv_func_pow=no
ac_cv_func_strtod=no
ac_cv_header_dlfcn_h=no
ac_cv_header_inttypes_h=yes
ac_cv_header_malloc_h=yes
ac_cv_header_memory_h=no
ac_cv_header_stdc=yes
ac_cv_header_stdint_h=yes
ac_cv_header_stdlib_h=yes
ac_cv_header_string_h=yes
ac_cv_header_strings_h=yes
ac_cv_header_sys_stat_h=yes
ac_cv_header_sys_types_h=yes
ac_cv_header_unistd_h=yes
ac_cv_host=powerpc-unknown-eabi
ac_cv_lib_m_pow=yes
ac_cv_lib_z_zlibVersion=yes
ac_cv_objext=o
ac_cv_path_EGREP='/bin/grep -E'
ac_cv_path_FGREP='/bin/grep -F'
ac_cv_path_GREP=/bin/grep
ac_cv_path_SED=/bin/sed
ac_cv_path_install='/bin/install -c'
ac_cv_path_mkdir=/bin/mkdir
ac_cv_prog_AR=powerpc-eabi-ar
ac_cv_prog_AWK=gawk
ac_cv_prog_CC=powerpc-eabi-gcc
ac_cv_prog_CPP='powerpc-eabi-gcc -E'
ac_cv_prog_RANLIB=powerpc-eabi-ranlib
ac_cv_prog_SED=/bin/sed
ac_cv_prog_STRIP=powerpc-eabi-strip
ac_cv_prog_cc_c89=
ac_cv_prog_cc_g=yes
ac_cv_prog_make_make_set=yes
ac_cv_struct_tm=time.h
ac_cv_type_size_t=yes
am_cv_CC_dependencies_compiler_type=gcc3
lt_cv_deplibs_check_method=unknown
lt_cv_file_magic_cmd='$MAGIC_CMD'
lt_cv_file_magic_test_file=
lt_cv_ld_reload_flag=-r
lt_cv_nm_interface='BSD nm'
lt_cv_objdir=.libs
lt_cv_path_LD=c:/devkitpro/devkitppc/powerpc-eabi/bin/ld.exe
lt_cv_path_NM=/c/devkitpro/devkitPPC/bin/powerpc-eabi-nm
lt_cv_prog_compiler_c_o=yes
lt_cv_prog_compiler_pic_works=yes
lt_cv_prog_compiler_rtti_exceptions=no
lt_cv_prog_compiler_static_works=yes
lt_cv_prog_gnu_ld=yes
lt_cv_sys_global_symbol_pipe='sed -n -e '\''s/^.*[	 ]\([ABCDGIRSTW][ABCDGIRSTW]*\)[	 ][	 ]*\([_A-Za-z][_A-Za-z0-9]*\)\{0,1\}$/\1 \2 \2/p'\'''
lt_cv_sys_global_symbol_to_c_name_address='sed -n -e '\''s/^: \([^ ]*\) $/  {\"\1\", (void *) 0},/p'\'' -e '\''s/^[ABCDGIRSTW]* \([^ ]*\) \([^ ]*\)$/  {"\2", (void *) \&\2},/p'\'''
lt_cv_sys_global_symbol_to_c_name_address_lib_prefix='sed -n -e '\''s/^: \([^ ]*\) $/  {\"\1\", (void *) 0},/p'\'' -e '\''s/^[ABCDGIRSTW]* \([^ ]*\) \(lib[^ ]*\)$/  {"\2", (void *) \&\2},/p'\'' -e '\''s/^[ABCDGIRSTW]* \([^ ]*\) \([^ ]*\)$/  {"lib\2", (void *) \&\2},/p'\'''
lt_cv_sys_global_symbol_to_cdecl='sed -n -e '\''s/^T .* \(.*\)$/extern int \1();/p'\'' -e '\''s/^[ABCDGIRSTW]* .* \(.*\)$/extern char \1;/p'\'''
lt_cv_sys_max_cmd_len=8192

## ----------------- ##
## Output variables. ##
## ----------------- ##

ACLOCAL='${SHELL} /c/libpng-1.2.29/missing --run aclocal-1.10'
AMDEPBACKSLASH='\'
AMDEP_FALSE='#'
AMDEP_TRUE=''
AMTAR='${SHELL} /c/libpng-1.2.29/missing --run tar'
AR='powerpc-eabi-ar'
AS='as'
AUTOCONF='${SHELL} /c/libpng-1.2.29/missing --run autoconf'
AUTOHEADER='${SHELL} /c/libpng-1.2.29/missing --run autoheader'
AUTOMAKE='${SHELL} /c/libpng-1.2.29/missing --run automake-1.10'
AWK='gawk'
CC='powerpc-eabi-gcc'
CCDEPMODE='depmode=gcc3'
CFLAGS='-g -O2'
CPP='powerpc-eabi-gcc -E'
CPPFLAGS='-I/c/devkitPro/portlibs/ppc/include'
CYGPATH_W='echo'
DEFS='-DHAVE_CONFIG_H'
DEPDIR='.deps'
DLLTOOL='dlltool'
DSYMUTIL=''
DUMPBIN=''
ECHO_C=''
ECHO_N='-n'
ECHO_T=''
EGREP='/bin/grep -E'
EXEEXT=''
FGREP='/bin/grep -F'
GREP='/bin/grep'
HAVE_LD_VERSION_SCRIPT_FALSE='#'
HAVE_LD_VERSION_SCRIPT_TRUE=''
INSTALL_DATA='${INSTALL} -m 644'
INSTALL_PROGRAM='${INSTALL}'
INSTALL_SCRIPT='${INSTALL}'
INSTALL_STRIP_PROGRAM='$(install_sh) -c -s'
LD='c:/devkitpro/devkitppc/powerpc-eabi/bin/ld.exe'
LDFLAGS='-L/c/devkitPro/portlibs/ppc/lib'
LIBOBJS=' ${LIBOBJDIR}strtod$U.o'
LIBPNG_DEFINES='-DPNG_CONFIGURE_LIBPNG '
LIBPNG_NO_MMX=''
LIBS='-lz -lm '
LIBTOOL='$(SHELL) $(top_builddir)/libtool'
LIPO=''
LN_S='cp -p'
LTLIBOBJS=' ${LIBOBJDIR}strtod$U.lo'
MAINT='#'
MAINTAINER_MODE_FALSE=''
MAINTAINER_MODE_TRUE='#'
MAKEINFO='${SHELL} /c/libpng-1.2.29/missing --run makeinfo'
MKDIR_P='/bin/mkdir -p'
NM='/c/devkitpro/devkitPPC/bin/powerpc-eabi-nm'
NMEDIT=''
OBJDUMP='objdump'
OBJEXT='o'
PACKAGE='libpng'
PACKAGE_BUGREPORT='png-mng-implement@lists.sourceforge.net'
PACKAGE_NAME='libpng'
PACKAGE_STRING='libpng 1.2.29beta03'
PACKAGE_TARNAME='libpng'
PACKAGE_VERSION='1.2.29beta03'
PATH_SEPARATOR=':'
PNGLIB_MAJOR='1'
PNGLIB_MINOR='2'
PNGLIB_RELEASE='29'
PNGLIB_VERSION='1.2.29beta03'
POW_LIB='-lm'
RANLIB='powerpc-eabi-ranlib'
SED='/bin/sed'
SET_MAKE=''
SHELL='/bin/sh'
STRIP='powerpc-eabi-strip'
SYMBOL_PREFIX=''
VERSION='1.2.29beta03'
ac_ct_CC=''
ac_ct_DUMPBIN=''
am__fastdepCC_FALSE='#'
am__fastdepCC_TRUE=''
am__include='include'
am__isrc=''
am__leading_dot='.'
am__quote=''
am__tar='${AMTAR} chof - "$$tardir"'
am__untar='${AMTAR} xf -'
binconfigs='${binconfigs}'
bindir='${exec_prefix}/bin'
build='i686-pc-mingw32'
build_alias=''
build_cpu='i686'
build_os='mingw32'
build_vendor='pc'
compatlib='libpng.la'
datadir='${datarootdir}'
datarootdir='${prefix}/share'
docdir='${datarootdir}/doc/${PACKAGE_TARNAME}'
dvidir='${docdir}'
exec_prefix='${prefix}'
host='powerpc-unknown-eabi'
host_alias='powerpc-eabi'
host_cpu='powerpc'
host_os='eabi'
host_vendor='unknown'
htmldir='${docdir}'
includedir='${prefix}/include'
infodir='${datarootdir}/info'
install_sh='$(SHELL) /c/libpng-1.2.29/install-sh'
libdir='${exec_prefix}/lib'
libexecdir='${exec_prefix}/libexec'
localedir='${datarootdir}/locale'
localstatedir='${prefix}/var'
lt_ECHO='echo'
mandir='${datarootdir}/man'
mkdir_p='/bin/mkdir -p'
oldincludedir='/usr/include'
pdfdir='${docdir}'
pkgconfigdir='${libdir}/pkgconfig'
prefix='/c/devkitPro/portlibs/ppc'
program_transform_name='s,x,x,'
psdir='${docdir}'
sbindir='${exec_prefix}/sbin'
sharedstatedir='${prefix}/com'
sysconfdir='${prefix}/etc'
target_alias=''

## ----------- ##
## confdefs.h. ##
## ----------- ##

#define PACKAGE_NAME "libpng"
#define PACKAGE_TARNAME "libpng"
#define PACKAGE_VERSION "1.2.29beta03"
#define PACKAGE_STRING "libpng 1.2.29beta03"
#define PACKAGE_BUGREPORT "png-mng-implement@lists.sourceforge.net"
#define PACKAGE "libpng"
#define VERSION "1.2.29beta03"
#define STDC_HEADERS 1
#define HAVE_SYS_TYPES_H 1
#define HAVE_SYS_STAT_H 1
#define HAVE_STDLIB_H 1
#define HAVE_STRING_H 1
#define HAVE_STRINGS_H 1
#define HAVE_INTTYPES_H 1
#define HAVE_STDINT_H 1
#define HAVE_UNISTD_H 1
#define LT_OBJDIR ".libs/"
#define STDC_HEADERS 1
#define HAVE_MALLOC_H 1
#define HAVE_STDLIB_H 1
#define HAVE_STRING_H 1
#define HAVE_STRINGS_H 1
#define HAVE_MEMSET 1
#define HAVE_LIBM 1
#define HAVE_LIBZ 1

configure: exit 0
