This file contains any messages produced by compilers while
running configure, to aid debugging if configure makes a mistake.

It was created by FreeType configure 2.3.8, which was
generated by GNU Autoconf 2.63.  Invocation command line was

  $ ./configure --host=ppc

## --------- ##
## Platform. ##
## --------- ##

hostname = DESARROLLO
uname -m = i686
uname -r = 1.0.11(0.46/3/2)
uname -s = MINGW32_NT-5.1
uname -v = 2007-07-29 17:16

/usr/bin/uname -p = unknown
/bin/uname -X     = unknown

/bin/arch              = unknown
/usr/bin/arch -k       = unknown
/usr/convex/getsysinfo = unknown
/usr/bin/hostinfo      = unknown
/bin/machine           = unknown
/usr/bin/oslevel       = unknown
/bin/universe          = unknown

PATH: .
PATH: /usr/local/bin
PATH: /mingw/bin
PATH: /bin
PATH: /bin
PATH: /c/WINDOWS/system32
PATH: /c/WINDOWS
PATH: /c/WINDOWS/System32/Wbem
PATH: /c/Archivos de programa/CodeGear/RAD Studio/5.0/bin
PATH: /c/archivos de programa/codegear/rad studio/5.0/Projects/Bpl
PATH: /c/Documents and Settings/All Users/Documentos/RAD Studio/5.0/Bpl
PATH: /c/Archivos de programa/CollabNet Subversion Client
PATH: /c/Archivos de programa/Subversion/bin
PATH: /c/Archivos de programa/Microsoft SQL Server/80/Tools/Binn/
PATH: /c/Archivos de programa/Borland/CBuilder6/Bin
PATH: /c/Archivos de programa/Borland/CBuilder6/Bpl
PATH: /c/Archivos de programa/Borland/CBuilder6/Projects/Bpl
PATH: /c/Archivos de programa/CVSNT/
PATH: /c/Archivos de programa/Java/jdk1.6.0_04/bin
PATH: /c/Archivos de programa/Git/cmd
PATH: /c/Archivos de programa/Microsoft SQL Server/90/Tools/binn/d
PATH: /jet6.0-eval/bin
PATH: .
PATH: /c/Archivos de programa/Archivos comunes/Ahead/Lib/


## ----------- ##
## Core tests. ##
## ----------- ##

configure:2072: checking build system type
configure:2090: result: i686-pc-mingw32
configure:2112: checking host system type
configure:2127: result: powerpc-unknown-none
configure:2161: checking for ppc-gcc
configure:2188: result: /c/devkitPro/devkitPPC/bin/powerpc-gekko-gcc
configure:2460: checking for C compiler version
configure:2468: /c/devkitPro/devkitPPC/bin/powerpc-gekko-gcc --version >&5
powerpc-gekko-gcc.exe (GCC) 4.2.4 (devkitPPC release 15)
Copyright (C) 2007 Free Software Foundation, Inc.
This is free software; see the source for copying conditions.  There is NO
warranty; not even for MERCHANTABILITY or FITNESS FOR A PARTICULAR PURPOSE.

configure:2472: $? = 0
configure:2479: /c/devkitPro/devkitPPC/bin/powerpc-gekko-gcc -v >&5
Using built-in specs.
Target: powerpc-gekko
Configured with: ../../gcc-4.2.4/configure --enable-languages=c,c++ --with-cpu=750 --without-headers --disable-nls --disable-shared --enable-threads --disable-multilib --disable-win32-registry --disable-libstdcxx-pch --target=powerpc-gekko --with-newlib --prefix=c:/devkitPro/devkitPPC --disable-denpendency-tracking
Thread model: single
gcc version 4.2.4 (devkitPPC release 15)
configure:2483: $? = 0
configure:2490: /c/devkitPro/devkitPPC/bin/powerpc-gekko-gcc -V >&5
powerpc-gekko-gcc.exe: '-V' option must have argument
configure:2494: $? = 1
configure:2517: checking for C compiler default output file name
configure:2539: /c/devkitPro/devkitPPC/bin/powerpc-gekko-gcc -mcpu=750   conftest.c  >&5
c:/devkitpro/devkitppc/bin/../lib/gcc/powerpc-gekko/4.2.4/../../../../powerpc-gekko/bin/ld.exe: warning: cannot find entry symbol _start; defaulting to 01800054
configure:2543: $? = 0
configure:2581: result: a.out
configure:2600: checking whether the C compiler works
configure:2610: ./a.out
./a.out: ./a.out: cannot execute binary file
configure:2614: $? = 126
configure:2633: result: yes
configure:2640: checking whether we are cross compiling
configure:2642: result: yes
configure:2645: checking for suffix of executables
configure:2652: /c/devkitPro/devkitPPC/bin/powerpc-gekko-gcc -o conftest -mcpu=750   conftest.c  >&5
c:/devkitpro/devkitppc/bin/../lib/gcc/powerpc-gekko/4.2.4/../../../../powerpc-gekko/bin/ld.exe: warning: cannot find entry symbol _start; defaulting to 01800054
configure:2656: $? = 0
configure:2682: result: 
configure:2688: checking for suffix of object files
configure:2714: /c/devkitPro/devkitPPC/bin/powerpc-gekko-gcc -c -mcpu=750  conftest.c >&5
configure:2718: $? = 0
configure:2743: result: o
configure:2747: checking whether we are using the GNU C compiler
configure:2776: /c/devkitPro/devkitPPC/bin/powerpc-gekko-gcc -c -mcpu=750  conftest.c >&5
configure:2783: $? = 0
configure:2800: result: yes
configure:2809: checking whether /c/devkitPro/devkitPPC/bin/powerpc-gekko-gcc accepts -g
configure:2839: /c/devkitPro/devkitPPC/bin/powerpc-gekko-gcc -c -g  conftest.c >&5
configure:2846: $? = 0
configure:2947: result: yes
configure:2964: checking for /c/devkitPro/devkitPPC/bin/powerpc-gekko-gcc option to accept ISO C89
configure:3038: /c/devkitPro/devkitPPC/bin/powerpc-gekko-gcc  -c -mcpu=750  conftest.c >&5
configure:3045: $? = 0
configure:3068: result: none needed
configure:3091: checking how to run the C preprocessor
configure:3131: /c/devkitPro/devkitPPC/bin/powerpc-gekko-gcc -E  conftest.c
configure:3138: $? = 0
configure:3169: /c/devkitPro/devkitPPC/bin/powerpc-gekko-gcc -E  conftest.c
conftest.c:8:28: error: ac_nonexistent.h: No such file or directory
configure:3176: $? = 1
configure: failed program was:
| /* confdefs.h.  */
| #define PACKAGE_NAME "FreeType"
| #define PACKAGE_TARNAME "freetype"
| #define PACKAGE_VERSION "2.3.8"
| #define PACKAGE_STRING "FreeType 2.3.8"
| #define PACKAGE_BUGREPORT "freetype@nongnu.org"
| /* end confdefs.h.  */
| #include <ac_nonexistent.h>
configure:3209: result: /c/devkitPro/devkitPPC/bin/powerpc-gekko-gcc -E
configure:3238: /c/devkitPro/devkitPPC/bin/powerpc-gekko-gcc -E  conftest.c
configure:3245: $? = 0
configure:3276: /c/devkitPro/devkitPPC/bin/powerpc-gekko-gcc -E  conftest.c
conftest.c:8:28: error: ac_nonexistent.h: No such file or directory
configure:3283: $? = 1
configure: failed program was:
| /* confdefs.h.  */
| #define PACKAGE_NAME "FreeType"
| #define PACKAGE_TARNAME "freetype"
| #define PACKAGE_VERSION "2.3.8"
| #define PACKAGE_STRING "FreeType 2.3.8"
| #define PACKAGE_BUGREPORT "freetype@nongnu.org"
| /* end confdefs.h.  */
| #include <ac_nonexistent.h>
configure:3330: checking for i686-pc-mingw32-gcc
configure:3360: result: no
configure:3367: checking for gcc
configure:3383: found /mingw/bin/gcc
configure:3394: result: gcc
configure:3404: checking for gcc
configure:3448: result: gcc
configure:3460: checking for suffix of native executables
configure:3475: result: 
configure:3517: checking for rm
configure:3533: found /bin/rm
configure:3544: result: rm -f
configure:3554: checking for rmdir
configure:3570: found /bin/rmdir
configure:3581: result: rmdir
configure:3609: checking for a BSD-compatible install
configure:3677: result: /bin/install -c
configure:3700: checking for grep that handles long lines and -e
configure:3760: result: /bin/grep
configure:3765: checking for egrep
configure:3829: result: /bin/grep -E
configure:3834: checking for ANSI C header files
configure:3864: /c/devkitPro/devkitPPC/bin/powerpc-gekko-gcc -c -mcpu=750  conftest.c >&5
configure:3871: $? = 0
configure:4002: result: yes
configure:4026: checking for sys/types.h
configure:4047: /c/devkitPro/devkitPPC/bin/powerpc-gekko-gcc -c -mcpu=750  conftest.c >&5
configure:4054: $? = 0
configure:4071: result: yes
configure:4026: checking for sys/stat.h
configure:4047: /c/devkitPro/devkitPPC/bin/powerpc-gekko-gcc -c -mcpu=750  conftest.c >&5
configure:4054: $? = 0
configure:4071: result: yes
configure:4026: checking for stdlib.h
configure:4047: /c/devkitPro/devkitPPC/bin/powerpc-gekko-gcc -c -mcpu=750  conftest.c >&5
configure:4054: $? = 0
configure:4071: result: yes
configure:4026: checking for string.h
configure:4047: /c/devkitPro/devkitPPC/bin/powerpc-gekko-gcc -c -mcpu=750  conftest.c >&5
configure:4054: $? = 0
configure:4071: result: yes
configure:4026: checking for memory.h
configure:4047: /c/devkitPro/devkitPPC/bin/powerpc-gekko-gcc -c -mcpu=750  conftest.c >&5
conftest.c:47:20: error: memory.h: No such file or directory
configure:4054: $? = 1
configure: failed program was:
| /* confdefs.h.  */
| #define PACKAGE_NAME "FreeType"
| #define PACKAGE_TARNAME "freetype"
| #define PACKAGE_VERSION "2.3.8"
| #define PACKAGE_STRING "FreeType 2.3.8"
| #define PACKAGE_BUGREPORT "freetype@nongnu.org"
| #define STDC_HEADERS 1
| #define HAVE_SYS_TYPES_H 1
| #define HAVE_SYS_STAT_H 1
| #define HAVE_STDLIB_H 1
| #define HAVE_STRING_H 1
| /* end confdefs.h.  */
| #include <stdio.h>
| #ifdef HAVE_SYS_TYPES_H
| # include <sys/types.h>
| #endif
| #ifdef HAVE_SYS_STAT_H
| # include <sys/stat.h>
| #endif
| #ifdef STDC_HEADERS
| # include <stdlib.h>
| # include <stddef.h>
| #else
| # ifdef HAVE_STDLIB_H
| #  include <stdlib.h>
| # endif
| #endif
| #ifdef HAVE_STRING_H
| # if !defined STDC_HEADERS && defined HAVE_MEMORY_H
| #  include <memory.h>
| # endif
| # include <string.h>
| #endif
| #ifdef HAVE_STRINGS_H
| # include <strings.h>
| #endif
| #ifdef HAVE_INTTYPES_H
| # include <inttypes.h>
| #endif
| #ifdef HAVE_STDINT_H
| # include <stdint.h>
| #endif
| #ifdef HAVE_UNISTD_H
| # include <unistd.h>
| #endif
| 
| #include <memory.h>
configure:4071: result: no
configure:4026: checking for strings.h
configure:4047: /c/devkitPro/devkitPPC/bin/powerpc-gekko-gcc -c -mcpu=750  conftest.c >&5
conftest.c:47:21: error: strings.h: No such file or directory
configure:4054: $? = 1
configure: failed program was:
| /* confdefs.h.  */
| #define PACKAGE_NAME "FreeType"
| #define PACKAGE_TARNAME "freetype"
| #define PACKAGE_VERSION "2.3.8"
| #define PACKAGE_STRING "FreeType 2.3.8"
| #define PACKAGE_BUGREPORT "freetype@nongnu.org"
| #define STDC_HEADERS 1
| #define HAVE_SYS_TYPES_H 1
| #define HAVE_SYS_STAT_H 1
| #define HAVE_STDLIB_H 1
| #define HAVE_STRING_H 1
| /* end confdefs.h.  */
| #include <stdio.h>
| #ifdef HAVE_SYS_TYPES_H
| # include <sys/types.h>
| #endif
| #ifdef HAVE_SYS_STAT_H
| # include <sys/stat.h>
| #endif
| #ifdef STDC_HEADERS
| # include <stdlib.h>
| # include <stddef.h>
| #else
| # ifdef HAVE_STDLIB_H
| #  include <stdlib.h>
| # endif
| #endif
| #ifdef HAVE_STRING_H
| # if !defined STDC_HEADERS && defined HAVE_MEMORY_H
| #  include <memory.h>
| # endif
| # include <string.h>
| #endif
| #ifdef HAVE_STRINGS_H
| # include <strings.h>
| #endif
| #ifdef HAVE_INTTYPES_H
| # include <inttypes.h>
| #endif
| #ifdef HAVE_STDINT_H
| # include <stdint.h>
| #endif
| #ifdef HAVE_UNISTD_H
| # include <unistd.h>
| #endif
| 
| #include <strings.h>
configure:4071: result: no
configure:4026: checking for inttypes.h
configure:4047: /c/devkitPro/devkitPPC/bin/powerpc-gekko-gcc -c -mcpu=750  conftest.c >&5
configure:4054: $? = 0
configure:4071: result: yes
configure:4026: checking for stdint.h
configure:4047: /c/devkitPro/devkitPPC/bin/powerpc-gekko-gcc -c -mcpu=750  conftest.c >&5
configure:4054: $? = 0
configure:4071: result: yes
configure:4026: checking for unistd.h
configure:4047: /c/devkitPro/devkitPPC/bin/powerpc-gekko-gcc -c -mcpu=750  conftest.c >&5
configure:4054: $? = 0
configure:4071: result: yes
configure:4102: checking fcntl.h usability
configure:4119: /c/devkitPro/devkitPPC/bin/powerpc-gekko-gcc -c -mcpu=750  conftest.c >&5
configure:4126: $? = 0
configure:4140: result: yes
configure:4144: checking fcntl.h presence
configure:4159: /c/devkitPro/devkitPPC/bin/powerpc-gekko-gcc -E  conftest.c
configure:4166: $? = 0
configure:4180: result: yes
configure:4213: checking for fcntl.h
configure:4222: result: yes
configure:4091: checking for unistd.h
configure:4098: result: yes
configure:4241: checking for an ANSI C-conforming const
configure:4316: /c/devkitPro/devkitPPC/bin/powerpc-gekko-gcc -c -mcpu=750  conftest.c >&5
configure:4323: $? = 0
configure:4338: result: yes
configure:4352: checking size of int
configure:4382: /c/devkitPro/devkitPPC/bin/powerpc-gekko-gcc -c -mcpu=750  conftest.c >&5
configure:4389: $? = 0
configure:4419: /c/devkitPro/devkitPPC/bin/powerpc-gekko-gcc -c -mcpu=750  conftest.c >&5
conftest.c: In function 'main':
conftest.c:54: error: size of array 'test_array' is negative
configure:4426: $? = 1
configure: failed program was:
| /* confdefs.h.  */
| #define PACKAGE_NAME "FreeType"
| #define PACKAGE_TARNAME "freetype"
| #define PACKAGE_VERSION "2.3.8"
| #define PACKAGE_STRING "FreeType 2.3.8"
| #define PACKAGE_BUGREPORT "freetype@nongnu.org"
| #define STDC_HEADERS 1
| #define HAVE_SYS_TYPES_H 1
| #define HAVE_SYS_STAT_H 1
| #define HAVE_STDLIB_H 1
| #define HAVE_STRING_H 1
| #define HAVE_INTTYPES_H 1
| #define HAVE_STDINT_H 1
| #define HAVE_UNISTD_H 1
| #define HAVE_FCNTL_H 1
| #define HAVE_UNISTD_H 1
| /* end confdefs.h.  */
| #include <stdio.h>
| #ifdef HAVE_SYS_TYPES_H
| # include <sys/types.h>
| #endif
| #ifdef HAVE_SYS_STAT_H
| # include <sys/stat.h>
| #endif
| #ifdef STDC_HEADERS
| # include <stdlib.h>
| # include <stddef.h>
| #else
| # ifdef HAVE_STDLIB_H
| #  include <stdlib.h>
| # endif
| #endif
| #ifdef HAVE_STRING_H
| # if !defined STDC_HEADERS && defined HAVE_MEMORY_H
| #  include <memory.h>
| # endif
| # include <string.h>
| #endif
| #ifdef HAVE_STRINGS_H
| # include <strings.h>
| #endif
| #ifdef HAVE_INTTYPES_H
| # include <inttypes.h>
| #endif
| #ifdef HAVE_STDINT_H
| # include <stdint.h>
| #endif
| #ifdef HAVE_UNISTD_H
| # include <unistd.h>
| #endif
| int
| main ()
| {
| static int test_array [1 - 2 * !(((long int) (sizeof (int))) <= 0)];
| test_array [0] = 0
| 
|   ;
|   return 0;
| }
configure:4419: /c/devkitPro/devkitPPC/bin/powerpc-gekko-gcc -c -mcpu=750  conftest.c >&5
conftest.c: In function 'main':
conftest.c:54: error: size of array 'test_array' is negative
configure:4426: $? = 1
configure: failed program was:
| /* confdefs.h.  */
| #define PACKAGE_NAME "FreeType"
| #define PACKAGE_TARNAME "freetype"
| #define PACKAGE_VERSION "2.3.8"
| #define PACKAGE_STRING "FreeType 2.3.8"
| #define PACKAGE_BUGREPORT "freetype@nongnu.org"
| #define STDC_HEADERS 1
| #define HAVE_SYS_TYPES_H 1
| #define HAVE_SYS_STAT_H 1
| #define HAVE_STDLIB_H 1
| #define HAVE_STRING_H 1
| #define HAVE_INTTYPES_H 1
| #define HAVE_STDINT_H 1
| #define HAVE_UNISTD_H 1
| #define HAVE_FCNTL_H 1
| #define HAVE_UNISTD_H 1
| /* end confdefs.h.  */
| #include <stdio.h>
| #ifdef HAVE_SYS_TYPES_H
| # include <sys/types.h>
| #endif
| #ifdef HAVE_SYS_STAT_H
| # include <sys/stat.h>
| #endif
| #ifdef STDC_HEADERS
| # include <stdlib.h>
| # include <stddef.h>
| #else
| # ifdef HAVE_STDLIB_H
| #  include <stdlib.h>
| # endif
| #endif
| #ifdef HAVE_STRING_H
| # if !defined STDC_HEADERS && defined HAVE_MEMORY_H
| #  include <memory.h>
| # endif
| # include <string.h>
| #endif
| #ifdef HAVE_STRINGS_H
| # include <strings.h>
| #endif
| #ifdef HAVE_INTTYPES_H
| # include <inttypes.h>
| #endif
| #ifdef HAVE_STDINT_H
| # include <stdint.h>
| #endif
| #ifdef HAVE_UNISTD_H
| # include <unistd.h>
| #endif
| int
| main ()
| {
| static int test_array [1 - 2 * !(((long int) (sizeof (int))) <= 1)];
| test_array [0] = 0
| 
|   ;
|   return 0;
| }
configure:4419: /c/devkitPro/devkitPPC/bin/powerpc-gekko-gcc -c -mcpu=750  conftest.c >&5
conftest.c: In function 'main':
conftest.c:54: error: size of array 'test_array' is negative
configure:4426: $? = 1
configure: failed program was:
| /* confdefs.h.  */
| #define PACKAGE_NAME "FreeType"
| #define PACKAGE_TARNAME "freetype"
| #define PACKAGE_VERSION "2.3.8"
| #define PACKAGE_STRING "FreeType 2.3.8"
| #define PACKAGE_BUGREPORT "freetype@nongnu.org"
| #define STDC_HEADERS 1
| #define HAVE_SYS_TYPES_H 1
| #define HAVE_SYS_STAT_H 1
| #define HAVE_STDLIB_H 1
| #define HAVE_STRING_H 1
| #define HAVE_INTTYPES_H 1
| #define HAVE_STDINT_H 1
| #define HAVE_UNISTD_H 1
| #define HAVE_FCNTL_H 1
| #define HAVE_UNISTD_H 1
| /* end confdefs.h.  */
| #include <stdio.h>
| #ifdef HAVE_SYS_TYPES_H
| # include <sys/types.h>
| #endif
| #ifdef HAVE_SYS_STAT_H
| # include <sys/stat.h>
| #endif
| #ifdef STDC_HEADERS
| # include <stdlib.h>
| # include <stddef.h>
| #else
| # ifdef HAVE_STDLIB_H
| #  include <stdlib.h>
| # endif
| #endif
| #ifdef HAVE_STRING_H
| # if !defined STDC_HEADERS && defined HAVE_MEMORY_H
| #  include <memory.h>
| # endif
| # include <string.h>
| #endif
| #ifdef HAVE_STRINGS_H
| # include <strings.h>
| #endif
| #ifdef HAVE_INTTYPES_H
| # include <inttypes.h>
| #endif
| #ifdef HAVE_STDINT_H
| # include <stdint.h>
| #endif
| #ifdef HAVE_UNISTD_H
| # include <unistd.h>
| #endif
| int
| main ()
| {
| static int test_array [1 - 2 * !(((long int) (sizeof (int))) <= 3)];
| test_array [0] = 0
| 
|   ;
|   return 0;
| }
configure:4419: /c/devkitPro/devkitPPC/bin/powerpc-gekko-gcc -c -mcpu=750  conftest.c >&5
configure:4426: $? = 0
configure:4574: /c/devkitPro/devkitPPC/bin/powerpc-gekko-gcc -c -mcpu=750  conftest.c >&5
configure:4581: $? = 0
configure:4574: /c/devkitPro/devkitPPC/bin/powerpc-gekko-gcc -c -mcpu=750  conftest.c >&5
configure:4581: $? = 0
configure:4697: result: 4
configure:4711: checking size of long
configure:4741: /c/devkitPro/devkitPPC/bin/powerpc-gekko-gcc -c -mcpu=750  conftest.c >&5
configure:4748: $? = 0
configure:4778: /c/devkitPro/devkitPPC/bin/powerpc-gekko-gcc -c -mcpu=750  conftest.c >&5
conftest.c: In function 'main':
conftest.c:55: error: size of array 'test_array' is negative
configure:4785: $? = 1
configure: failed program was:
| /* confdefs.h.  */
| #define PACKAGE_NAME "FreeType"
| #define PACKAGE_TARNAME "freetype"
| #define PACKAGE_VERSION "2.3.8"
| #define PACKAGE_STRING "FreeType 2.3.8"
| #define PACKAGE_BUGREPORT "freetype@nongnu.org"
| #define STDC_HEADERS 1
| #define HAVE_SYS_TYPES_H 1
| #define HAVE_SYS_STAT_H 1
| #define HAVE_STDLIB_H 1
| #define HAVE_STRING_H 1
| #define HAVE_INTTYPES_H 1
| #define HAVE_STDINT_H 1
| #define HAVE_UNISTD_H 1
| #define HAVE_FCNTL_H 1
| #define HAVE_UNISTD_H 1
| #define SIZEOF_INT 4
| /* end confdefs.h.  */
| #include <stdio.h>
| #ifdef HAVE_SYS_TYPES_H
| # include <sys/types.h>
| #endif
| #ifdef HAVE_SYS_STAT_H
| # include <sys/stat.h>
| #endif
| #ifdef STDC_HEADERS
| # include <stdlib.h>
| # include <stddef.h>
| #else
| # ifdef HAVE_STDLIB_H
| #  include <stdlib.h>
| # endif
| #endif
| #ifdef HAVE_STRING_H
| # if !defined STDC_HEADERS && defined HAVE_MEMORY_H
| #  include <memory.h>
| # endif
| # include <string.h>
| #endif
| #ifdef HAVE_STRINGS_H
| # include <strings.h>
| #endif
| #ifdef HAVE_INTTYPES_H
| # include <inttypes.h>
| #endif
| #ifdef HAVE_STDINT_H
| # include <stdint.h>
| #endif
| #ifdef HAVE_UNISTD_H
| # include <unistd.h>
| #endif
| int
| main ()
| {
| static int test_array [1 - 2 * !(((long int) (sizeof (long))) <= 0)];
| test_array [0] = 0
| 
|   ;
|   return 0;
| }
configure:4778: /c/devkitPro/devkitPPC/bin/powerpc-gekko-gcc -c -mcpu=750  conftest.c >&5
conftest.c: In function 'main':
conftest.c:55: error: size of array 'test_array' is negative
configure:4785: $? = 1
configure: failed program was:
| /* confdefs.h.  */
| #define PACKAGE_NAME "FreeType"
| #define PACKAGE_TARNAME "freetype"
| #define PACKAGE_VERSION "2.3.8"
| #define PACKAGE_STRING "FreeType 2.3.8"
| #define PACKAGE_BUGREPORT "freetype@nongnu.org"
| #define STDC_HEADERS 1
| #define HAVE_SYS_TYPES_H 1
| #define HAVE_SYS_STAT_H 1
| #define HAVE_STDLIB_H 1
| #define HAVE_STRING_H 1
| #define HAVE_INTTYPES_H 1
| #define HAVE_STDINT_H 1
| #define HAVE_UNISTD_H 1
| #define HAVE_FCNTL_H 1
| #define HAVE_UNISTD_H 1
| #define SIZEOF_INT 4
| /* end confdefs.h.  */
| #include <stdio.h>
| #ifdef HAVE_SYS_TYPES_H
| # include <sys/types.h>
| #endif
| #ifdef HAVE_SYS_STAT_H
| # include <sys/stat.h>
| #endif
| #ifdef STDC_HEADERS
| # include <stdlib.h>
| # include <stddef.h>
| #else
| # ifdef HAVE_STDLIB_H
| #  include <stdlib.h>
| # endif
| #endif
| #ifdef HAVE_STRING_H
| # if !defined STDC_HEADERS && defined HAVE_MEMORY_H
| #  include <memory.h>
| # endif
| # include <string.h>
| #endif
| #ifdef HAVE_STRINGS_H
| # include <strings.h>
| #endif
| #ifdef HAVE_INTTYPES_H
| # include <inttypes.h>
| #endif
| #ifdef HAVE_STDINT_H
| # include <stdint.h>
| #endif
| #ifdef HAVE_UNISTD_H
| # include <unistd.h>
| #endif
| int
| main ()
| {
| static int test_array [1 - 2 * !(((long int) (sizeof (long))) <= 1)];
| test_array [0] = 0
| 
|   ;
|   return 0;
| }
configure:4778: /c/devkitPro/devkitPPC/bin/powerpc-gekko-gcc -c -mcpu=750  conftest.c >&5
conftest.c: In function 'main':
conftest.c:55: error: size of array 'test_array' is negative
configure:4785: $? = 1
configure: failed program was:
| /* confdefs.h.  */
| #define PACKAGE_NAME "FreeType"
| #define PACKAGE_TARNAME "freetype"
| #define PACKAGE_VERSION "2.3.8"
| #define PACKAGE_STRING "FreeType 2.3.8"
| #define PACKAGE_BUGREPORT "freetype@nongnu.org"
| #define STDC_HEADERS 1
| #define HAVE_SYS_TYPES_H 1
| #define HAVE_SYS_STAT_H 1
| #define HAVE_STDLIB_H 1
| #define HAVE_STRING_H 1
| #define HAVE_INTTYPES_H 1
| #define HAVE_STDINT_H 1
| #define HAVE_UNISTD_H 1
| #define HAVE_FCNTL_H 1
| #define HAVE_UNISTD_H 1
| #define SIZEOF_INT 4
| /* end confdefs.h.  */
| #include <stdio.h>
| #ifdef HAVE_SYS_TYPES_H
| # include <sys/types.h>
| #endif
| #ifdef HAVE_SYS_STAT_H
| # include <sys/stat.h>
| #endif
| #ifdef STDC_HEADERS
| # include <stdlib.h>
| # include <stddef.h>
| #else
| # ifdef HAVE_STDLIB_H
| #  include <stdlib.h>
| # endif
| #endif
| #ifdef HAVE_STRING_H
| # if !defined STDC_HEADERS && defined HAVE_MEMORY_H
| #  include <memory.h>
| # endif
| # include <string.h>
| #endif
| #ifdef HAVE_STRINGS_H
| # include <strings.h>
| #endif
| #ifdef HAVE_INTTYPES_H
| # include <inttypes.h>
| #endif
| #ifdef HAVE_STDINT_H
| # include <stdint.h>
| #endif
| #ifdef HAVE_UNISTD_H
| # include <unistd.h>
| #endif
| int
| main ()
| {
| static int test_array [1 - 2 * !(((long int) (sizeof (long))) <= 3)];
| test_array [0] = 0
| 
|   ;
|   return 0;
| }
configure:4778: /c/devkitPro/devkitPPC/bin/powerpc-gekko-gcc -c -mcpu=750  conftest.c >&5
configure:4785: $? = 0
configure:4933: /c/devkitPro/devkitPPC/bin/powerpc-gekko-gcc -c -mcpu=750  conftest.c >&5
configure:4940: $? = 0
configure:4933: /c/devkitPro/devkitPPC/bin/powerpc-gekko-gcc -c -mcpu=750  conftest.c >&5
configure:4940: $? = 0
configure:5056: result: 4
configure:5070: checking cpp computation of bit length in ftconfig.in works
configure:5121: result: yes
configure:5152: checking for stdlib.h
configure:5159: result: yes
configure:5152: checking for unistd.h
configure:5159: result: yes
configure:5302: checking for getpagesize
configure:5358: /c/devkitPro/devkitPPC/bin/powerpc-gekko-gcc -o conftest -mcpu=750   conftest.c  >&5
c:/devkitpro/devkitppc/bin/../lib/gcc/powerpc-gekko/4.2.4/../../../../powerpc-gekko/bin/ld.exe: warning: cannot find entry symbol _start; defaulting to 01800054
c:/tmp/ccKyVvTp.o: In function `main':
conftest.c:(.text+0x14): undefined reference to `getpagesize'
collect2: ld returned 1 exit status
configure:5365: $? = 1
configure: failed program was:
| /* confdefs.h.  */
| #define PACKAGE_NAME "FreeType"
| #define PACKAGE_TARNAME "freetype"
| #define PACKAGE_VERSION "2.3.8"
| #define PACKAGE_STRING "FreeType 2.3.8"
| #define PACKAGE_BUGREPORT "freetype@nongnu.org"
| #define STDC_HEADERS 1
| #define HAVE_SYS_TYPES_H 1
| #define HAVE_SYS_STAT_H 1
| #define HAVE_STDLIB_H 1
| #define HAVE_STRING_H 1
| #define HAVE_INTTYPES_H 1
| #define HAVE_STDINT_H 1
| #define HAVE_UNISTD_H 1
| #define HAVE_FCNTL_H 1
| #define HAVE_UNISTD_H 1
| #define SIZEOF_INT 4
| #define SIZEOF_LONG 4
| #define HAVE_STDLIB_H 1
| #define HAVE_UNISTD_H 1
| /* end confdefs.h.  */
| /* Define getpagesize to an innocuous variant, in case <limits.h> declares getpagesize.
|    For example, HP-UX 11i <limits.h> declares gettimeofday.  */
| #define getpagesize innocuous_getpagesize
| 
| /* System header to define __stub macros and hopefully few prototypes,
|     which can conflict with char getpagesize (); below.
|     Prefer <limits.h> to <assert.h> if __STDC__ is defined, since
|     <limits.h> exists even on freestanding compilers.  */
| 
| #ifdef __STDC__
| # include <limits.h>
| #else
| # include <assert.h>
| #endif
| 
| #undef getpagesize
| 
| /* Override any GCC internal prototype to avoid an error.
|    Use char because int might match the return type of a GCC
|    builtin and then its argument prototype would still apply.  */
| #ifdef __cplusplus
| extern "C"
| #endif
| char getpagesize ();
| /* The GNU C library defines this for functions which it implements
|     to always fail with ENOSYS.  Some functions are actually named
|     something starting with __ and the normal name is an alias.  */
| #if defined __stub_getpagesize || defined __stub___getpagesize
| choke me
| #endif
| 
| int
| main ()
| {
| return getpagesize ();
|   ;
|   return 0;
| }
configure:5387: result: no
configure:5399: checking for working mmap
configure:5577: result: no
configure:5732: checking for memcpy
configure:5788: /c/devkitPro/devkitPPC/bin/powerpc-gekko-gcc -o conftest -mcpu=750   conftest.c  >&5
conftest.c:45: warning: conflicting types for built-in function 'memcpy'
c:/devkitpro/devkitppc/bin/../lib/gcc/powerpc-gekko/4.2.4/../../../../powerpc-gekko/bin/ld.exe: warning: cannot find entry symbol _start; defaulting to 01800054
configure:5795: $? = 0
configure:5817: result: yes
configure:5732: checking for memmove
configure:5788: /c/devkitPro/devkitPPC/bin/powerpc-gekko-gcc -o conftest -mcpu=750   conftest.c  >&5
conftest.c:46: warning: conflicting types for built-in function 'memmove'
c:/devkitpro/devkitppc/bin/../lib/gcc/powerpc-gekko/4.2.4/../../../../powerpc-gekko/bin/ld.exe: warning: cannot find entry symbol _start; defaulting to 01800054
configure:5795: $? = 0
configure:5817: result: yes
configure:5841: checking for gzsetparams in -lz
configure:5876: /c/devkitPro/devkitPPC/bin/powerpc-gekko-gcc -o conftest -mcpu=750   conftest.c -lz   >&5
c:/devkitpro/devkitppc/bin/../lib/gcc/powerpc-gekko/4.2.4/../../../../powerpc-gekko/bin/ld.exe: cannot find -lz
collect2: ld returned 1 exit status
configure:5883: $? = 1
configure: failed program was:
| /* confdefs.h.  */
| #define PACKAGE_NAME "FreeType"
| #define PACKAGE_TARNAME "freetype"
| #define PACKAGE_VERSION "2.3.8"
| #define PACKAGE_STRING "FreeType 2.3.8"
| #define PACKAGE_BUGREPORT "freetype@nongnu.org"
| #define STDC_HEADERS 1
| #define HAVE_SYS_TYPES_H 1
| #define HAVE_SYS_STAT_H 1
| #define HAVE_STDLIB_H 1
| #define HAVE_STRING_H 1
| #define HAVE_INTTYPES_H 1
| #define HAVE_STDINT_H 1
| #define HAVE_UNISTD_H 1
| #define HAVE_FCNTL_H 1
| #define HAVE_UNISTD_H 1
| #define SIZEOF_INT 4
| #define SIZEOF_LONG 4
| #define HAVE_STDLIB_H 1
| #define HAVE_UNISTD_H 1
| #define HAVE_MEMCPY 1
| #define HAVE_MEMMOVE 1
| /* end confdefs.h.  */
| 
| /* Override any GCC internal prototype to avoid an error.
|    Use char because int might match the return type of a GCC
|    builtin and then its argument prototype would still apply.  */
| #ifdef __cplusplus
| extern "C"
| #endif
| char gzsetparams ();
| int
| main ()
| {
| return gzsetparams ();
|   ;
|   return 0;
| }
configure:5904: result: no
configure:6057: checking whether CFLAGS includes -isysroot option
configure:6081: result: no
configure:6873: checking for a sed that does not truncate output
configure:6939: result: /bin/sed
configure:6957: checking for fgrep
configure:7021: result: /bin/grep -F
configure:7056: checking for ld used by /c/devkitPro/devkitPPC/bin/powerpc-gekko-gcc
configure:7123: result: c:/devkitpro/devkitppc/powerpc-gekko/bin/ld.exe
configure:7132: checking if the linker (c:/devkitpro/devkitppc/powerpc-gekko/bin/ld.exe) is GNU ld
configure:7147: result: yes
configure:7159: checking for BSD- or MS-compatible name lister (nm)
configure:7208: result: no
configure:7219: checking for ppc-dumpbin
configure:7249: result: no
configure:7219: checking for ppc-link
configure:7249: result: no
configure:7263: checking for dumpbin
configure:7293: result: no
configure:7263: checking for link
configure:7279: found /bin/link
configure:7290: result: link -dump -symbols
configure:7306: WARNING: using cross tools not prefixed with host triplet
configure:7326: checking the name lister (link -dump -symbols) interface
configure:7333: /c/devkitPro/devkitPPC/bin/powerpc-gekko-gcc -c -mcpu=750  conftest.c >&5
configure:7336: link -dump -symbols "conftest.o"
link: invalid option -- d
Try `link --help' for more information.
configure:7339: output
configure:7346: result: BSD nm
configure:7349: checking whether ln -s works
configure:7353: result: yes
configure:7361: checking the maximum length of command line arguments
configure:7481: result: 8192
configure:7498: checking whether the shell understands some XSI constructs
configure:7508: result: yes
configure:7512: checking whether the shell understands "+="
configure:7518: result: yes
configure:7553: checking for c:/devkitpro/devkitppc/powerpc-gekko/bin/ld.exe option to reload object files
configure:7560: result: -r
configure:7589: checking for ppc-objdump
configure:7619: result: no
configure:7629: checking for objdump
configure:7645: found /mingw/bin/objdump
configure:7656: result: objdump
configure:7685: checking how to recognize dependent libraries
configure:7881: result: unknown
configure:7901: checking for ppc-ar
configure:7928: result: /c/devkitPro/devkitPPC/bin/powerpc-gekko-ar
configure:8006: checking for ppc-strip
configure:8036: result: no
configure:8046: checking for strip
configure:8062: found /mingw/bin/strip
configure:8073: result: strip
configure:8105: checking for ppc-ranlib
configure:8132: result: /c/devkitPro/devkitPPC/bin/powerpc-gekko-ranlib.exe
configure:8262: checking command to parse link -dump -symbols output from /c/devkitPro/devkitPPC/bin/powerpc-gekko-gcc object
configure:8380: /c/devkitPro/devkitPPC/bin/powerpc-gekko-gcc -c -mcpu=750  conftest.c >&5
configure:8383: $? = 0
configure:8387: link -dump -symbols conftest.o \| sed -n -e 's/^.*[	 ]\([BCDEGRST][BCDEGRST]*\)[	 ][	 ]*\([_A-Za-z][_A-Za-z0-9]*\)\{0,1\}$/\1 \2 \2/p' \> conftest.nm
link: invalid option -- d
Try `link --help' for more information.
configure:8390: $? = 0
cannot run sed -n -e 's/^.*[	 ]\([BCDEGRST][BCDEGRST]*\)[	 ][	 ]*\([_A-Za-z][_A-Za-z0-9]*\)\{0,1\}$/\1 \2 \2/p'
configure:8380: /c/devkitPro/devkitPPC/bin/powerpc-gekko-gcc -c -mcpu=750  conftest.c >&5
configure:8383: $? = 0
configure:8387: link -dump -symbols conftest.o \| sed -n -e 's/^.*[	 ]\([BCDEGRST][BCDEGRST]*\)[	 ][	 ]*_\([_A-Za-z][_A-Za-z0-9]*\)\{0,1\}$/\1 _\2 \2/p' \> conftest.nm
link: invalid option -- d
Try `link --help' for more information.
configure:8390: $? = 0
cannot run sed -n -e 's/^.*[	 ]\([BCDEGRST][BCDEGRST]*\)[	 ][	 ]*_\([_A-Za-z][_A-Za-z0-9]*\)\{0,1\}$/\1 _\2 \2/p'
configure:8482: result: failed
configure:9350: checking for dlfcn.h
configure:9371: /c/devkitPro/devkitPPC/bin/powerpc-gekko-gcc -c -mcpu=750  conftest.c >&5
conftest.c:58:19: error: dlfcn.h: No such file or directory
configure:9378: $? = 1
configure: failed program was:
| /* confdefs.h.  */
| #define PACKAGE_NAME "FreeType"
| #define PACKAGE_TARNAME "freetype"
| #define PACKAGE_VERSION "2.3.8"
| #define PACKAGE_STRING "FreeType 2.3.8"
| #define PACKAGE_BUGREPORT "freetype@nongnu.org"
| #define STDC_HEADERS 1
| #define HAVE_SYS_TYPES_H 1
| #define HAVE_SYS_STAT_H 1
| #define HAVE_STDLIB_H 1
| #define HAVE_STRING_H 1
| #define HAVE_INTTYPES_H 1
| #define HAVE_STDINT_H 1
| #define HAVE_UNISTD_H 1
| #define HAVE_FCNTL_H 1
| #define HAVE_UNISTD_H 1
| #define SIZEOF_INT 4
| #define SIZEOF_LONG 4
| #define HAVE_STDLIB_H 1
| #define HAVE_UNISTD_H 1
| #define HAVE_MEMCPY 1
| #define HAVE_MEMMOVE 1
| /* end confdefs.h.  */
| #include <stdio.h>
| #ifdef HAVE_SYS_TYPES_H
| # include <sys/types.h>
| #endif
| #ifdef HAVE_SYS_STAT_H
| # include <sys/stat.h>
| #endif
| #ifdef STDC_HEADERS
| # include <stdlib.h>
| # include <stddef.h>
| #else
| # ifdef HAVE_STDLIB_H
| #  include <stdlib.h>
| # endif
| #endif
| #ifdef HAVE_STRING_H
| # if !defined STDC_HEADERS && defined HAVE_MEMORY_H
| #  include <memory.h>
| # endif
| # include <string.h>
| #endif
| #ifdef HAVE_STRINGS_H
| # include <strings.h>
| #endif
| #ifdef HAVE_INTTYPES_H
| # include <inttypes.h>
| #endif
| #ifdef HAVE_STDINT_H
| # include <stdint.h>
| #endif
| #ifdef HAVE_UNISTD_H
| # include <unistd.h>
| #endif
| 
| #include <dlfcn.h>
configure:9395: result: no
configure:9879: checking for objdir
configure:9894: result: .libs
configure:10186: checking if /c/devkitPro/devkitPPC/bin/powerpc-gekko-gcc supports -fno-rtti -fno-exceptions
configure:10204: /c/devkitPro/devkitPPC/bin/powerpc-gekko-gcc -c -mcpu=750  -fno-rtti -fno-exceptions conftest.c >&5
cc1.exe: warning: command line option "-fno-rtti" is valid for C++/ObjC++ but not for C
configure:10208: $? = 0
configure:10221: result: no
configure:10241: checking for /c/devkitPro/devkitPPC/bin/powerpc-gekko-gcc option to produce PIC
configure:10513: result: -fPIC -DPIC
configure:10525: checking if /c/devkitPro/devkitPPC/bin/powerpc-gekko-gcc PIC flag -fPIC -DPIC works
configure:10543: /c/devkitPro/devkitPPC/bin/powerpc-gekko-gcc -c -mcpu=750  -fPIC -DPIC -DPIC conftest.c >&5
configure:10547: $? = 0
configure:10560: result: yes
configure:10584: checking if /c/devkitPro/devkitPPC/bin/powerpc-gekko-gcc static flag -static works
c:/devkitpro/devkitppc/bin/../lib/gcc/powerpc-gekko/4.2.4/../../../../powerpc-gekko/bin/ld.exe: warning: cannot find entry symbol _start; defaulting to 01800054
configure:10612: result: yes
configure:10627: checking if /c/devkitPro/devkitPPC/bin/powerpc-gekko-gcc supports -c -o file.o
configure:10648: /c/devkitPro/devkitPPC/bin/powerpc-gekko-gcc -c -mcpu=750  -o out/conftest2.o conftest.c >&5
configure:10652: $? = 0
configure:10674: result: yes
configure:10682: checking if /c/devkitPro/devkitPPC/bin/powerpc-gekko-gcc supports -c -o file.o
configure:10729: result: yes
configure:10762: checking whether the /c/devkitPro/devkitPPC/bin/powerpc-gekko-gcc linker (c:/devkitpro/devkitppc/powerpc-gekko/bin/ld.exe) supports shared libraries
configure:11836: result: yes
configure:11873: checking whether -lc should be explicitly linked in
configure:11878: /c/devkitPro/devkitPPC/bin/powerpc-gekko-gcc -c -mcpu=750  conftest.c >&5
configure:11881: $? = 0
configure:11896: /c/devkitPro/devkitPPC/bin/powerpc-gekko-gcc -shared conftest.o  -v -Wl,-soname -Wl,conftest -o conftest 2\>\&1 \| /bin/grep  -lc  \>/dev/null 2\>\&1
configure:11899: $? = 0
configure:11911: result: no
configure:12075: checking dynamic linker characteristics
configure:12758: result: no
configure:12860: checking how to hardcode library paths into programs
configure:12885: result: immediate
configure:13718: checking whether stripping libraries is possible
configure:13723: result: yes
configure:13758: checking if libtool supports shared libraries
configure:13760: result: no
configure:13763: checking whether to build shared libraries
configure:13784: result: no
configure:13787: checking whether to build static libraries
configure:13791: result: yes
configure:13952: creating ./config.status

## ---------------------- ##
## Running config.status. ##
## ---------------------- ##

This file was extended by FreeType config.status 2.3.8, which was
generated by GNU Autoconf 2.63.  Invocation command line was

  CONFIG_FILES    = 
  CONFIG_HEADERS  = 
  CONFIG_LINKS    = 
  CONFIG_COMMANDS = 
  $ ./config.status 

on DESARROLLO

config.status:972: creating unix-cc.mk
config.status:972: creating unix-def.mk
config.status:972: creating freetype-config
config.status:972: creating freetype2.pc
config.status:972: creating ftconfig.h
config.status:1206: executing libtool commands

## ---------------- ##
## Cache variables. ##
## ---------------- ##

ac_cv_build=i686-pc-mingw32
ac_cv_c_compiler_gnu=yes
ac_cv_c_const=yes
ac_cv_env_CC_set=set
ac_cv_env_CC_value=/c/devkitPro/devkitPPC/bin/powerpc-gekko-gcc
ac_cv_env_CFLAGS_set=set
ac_cv_env_CFLAGS_value=-mcpu=750
ac_cv_env_CPPFLAGS_set=
ac_cv_env_CPPFLAGS_value=
ac_cv_env_CPP_set=
ac_cv_env_CPP_value=
ac_cv_env_LDFLAGS_set=
ac_cv_env_LDFLAGS_value=
ac_cv_env_LIBS_set=
ac_cv_env_LIBS_value=
ac_cv_env_build_alias_set=
ac_cv_env_build_alias_value=
ac_cv_env_host_alias_set=set
ac_cv_env_host_alias_value=ppc
ac_cv_env_target_alias_set=
ac_cv_env_target_alias_value=
ac_cv_func_getpagesize=no
ac_cv_func_memcpy=yes
ac_cv_func_memmove=yes
ac_cv_func_mmap_fixed_mapped=no
ac_cv_header_dlfcn_h=no
ac_cv_header_fcntl_h=yes
ac_cv_header_inttypes_h=yes
ac_cv_header_memory_h=no
ac_cv_header_stdc=yes
ac_cv_header_stdint_h=yes
ac_cv_header_stdlib_h=yes
ac_cv_header_string_h=yes
ac_cv_header_strings_h=no
ac_cv_header_sys_stat_h=yes
ac_cv_header_sys_types_h=yes
ac_cv_header_unistd_h=yes
ac_cv_host=powerpc-unknown-none
ac_cv_lib_z_gzsetparams=no
ac_cv_objext=o
ac_cv_path_EGREP='/bin/grep -E'
ac_cv_path_FGREP='/bin/grep -F'
ac_cv_path_GREP=/bin/grep
ac_cv_path_SED=/bin/sed
ac_cv_path_install='/bin/install -c'
ac_cv_prog_AR=/c/devkitPro/devkitPPC/bin/powerpc-gekko-ar
ac_cv_prog_CC=/c/devkitPro/devkitPPC/bin/powerpc-gekko-gcc
ac_cv_prog_CC_BUILD=gcc
ac_cv_prog_CPP='/c/devkitPro/devkitPPC/bin/powerpc-gekko-gcc -E'
ac_cv_prog_RANLIB=/c/devkitPro/devkitPPC/bin/powerpc-gekko-ranlib.exe
ac_cv_prog_RMDIR=rmdir
ac_cv_prog_RMF='rm -f'
ac_cv_prog_ac_ct_DUMPBIN='link -dump -symbols'
ac_cv_prog_ac_ct_OBJDUMP=objdump
ac_cv_prog_ac_ct_STRIP=strip
ac_cv_prog_cc_c89=
ac_cv_prog_cc_g=yes
ac_cv_sizeof_int=4
ac_cv_sizeof_long=4
lt_cv_deplibs_check_method=unknown
lt_cv_file_magic_cmd='$MAGIC_CMD'
lt_cv_file_magic_test_file=
lt_cv_ld_reload_flag=-r
lt_cv_nm_interface='BSD nm'
lt_cv_objdir=.libs
lt_cv_path_LD=c:/devkitpro/devkitppc/powerpc-gekko/bin/ld.exe
lt_cv_path_NM=no
lt_cv_prog_compiler_c_o=yes
lt_cv_prog_compiler_pic_works=yes
lt_cv_prog_compiler_rtti_exceptions=no
lt_cv_prog_compiler_static_works=yes
lt_cv_prog_gnu_ld=yes
lt_cv_sys_global_symbol_pipe=
lt_cv_sys_global_symbol_to_c_name_address='sed -n -e '\''s/^: \([^ ]*\) $/  {\"\1\", (void *) 0},/p'\'' -e '\''s/^[BCDEGRST]* \([^ ]*\) \([^ ]*\)$/  {"\2", (void *) \&\2},/p'\'''
lt_cv_sys_global_symbol_to_c_name_address_lib_prefix='sed -n -e '\''s/^: \([^ ]*\) $/  {\"\1\", (void *) 0},/p'\'' -e '\''s/^[BCDEGRST]* \([^ ]*\) \(lib[^ ]*\)$/  {"\2", (void *) \&\2},/p'\'' -e '\''s/^[BCDEGRST]* \([^ ]*\) \([^ ]*\)$/  {"lib\2", (void *) \&\2},/p'\'''
lt_cv_sys_global_symbol_to_cdecl=
lt_cv_sys_max_cmd_len=8192

## ----------------- ##
## Output variables. ##
## ----------------- ##

AR='/c/devkitPro/devkitPPC/bin/powerpc-gekko-ar'
AS='as'
CC='/c/devkitPro/devkitPPC/bin/powerpc-gekko-gcc'
CC_BUILD='gcc'
CFLAGS='-mcpu=750'
CPP='/c/devkitPro/devkitPPC/bin/powerpc-gekko-gcc -E'
CPPFLAGS=''
DEFS='-DHAVE_CONFIG_H'
DLLTOOL='dlltool'
DSYMUTIL=''
DUMPBIN='link -dump -symbols'
ECHO_C=''
ECHO_N='-n'
ECHO_T=''
EGREP='/bin/grep -E'
EXEEXT=''
EXEEXT_BUILD=''
FGREP='/bin/grep -F'
FT2_EXTRA_LIBS=''
FTSYS_SRC='$(BASE_DIR)/ftsystem.c'
GREP='/bin/grep'
INSTALL_DATA='${INSTALL} -m 644'
INSTALL_PROGRAM='${INSTALL}'
INSTALL_SCRIPT='${INSTALL}'
LD='c:/devkitpro/devkitppc/powerpc-gekko/bin/ld.exe'
LDFLAGS=''
LIBOBJS=''
LIBS=''
LIBTOOL='$(SHELL) $(top_builddir)/libtool'
LIBZ=''
LIPO=''
LN_S='ln -s'
LTLIBOBJS=''
NM='link -dump -symbols'
NMEDIT=''
OBJDUMP='objdump'
OBJEXT='o'
OTOOL64=''
OTOOL=''
PACKAGE_BUGREPORT='freetype@nongnu.org'
PACKAGE_NAME='FreeType'
PACKAGE_STRING='FreeType 2.3.8'
PACKAGE_TARNAME='freetype'
PACKAGE_VERSION='2.3.8'
PATH_SEPARATOR=':'
RANLIB='/c/devkitPro/devkitPPC/bin/powerpc-gekko-ranlib.exe'
RMDIR='rmdir'
RMF='rm -f'
SED='/bin/sed'
SHELL='/bin/sh'
STRIP='strip'
SYSTEM_ZLIB=''
XX_ANSIFLAGS=''
XX_CFLAGS=''
ac_ct_CC=''
ac_ct_DUMPBIN='link -dump -symbols'
bindir='${exec_prefix}/bin'
build='i686-pc-mingw32'
build_alias=''
build_cpu='i686'
build_libtool_libs=''
build_os='mingw32'
build_vendor='pc'
datadir='${datarootdir}'
datarootdir='${prefix}/share'
docdir='${datarootdir}/doc/${PACKAGE_TARNAME}'
dvidir='${docdir}'
exec_prefix='${prefix}'
ft_version='9.19.3'
ftmac_c=''
hardcode_libdir_flag_spec='${wl}-rpath ${wl}$libdir'
host='powerpc-unknown-none'
host_alias='ppc'
host_cpu='powerpc'
host_os='none'
host_vendor='unknown'
htmldir='${docdir}'
includedir='${prefix}/include'
infodir='${datarootdir}/info'
libdir='${exec_prefix}/lib'
libexecdir='${exec_prefix}/libexec'
localedir='${datarootdir}/locale'
localstatedir='${prefix}/var'
lt_ECHO='echo'
mandir='${datarootdir}/man'
oldincludedir='/usr/include'
pdfdir='${docdir}'
prefix='/usr/local'
program_transform_name='s,x,x,'
psdir='${docdir}'
sbindir='${exec_prefix}/sbin'
sharedstatedir='${prefix}/com'
sysconfdir='${prefix}/etc'
target_alias=''
version_info='9:19:3'
wl='-Wl,'

## ----------- ##
## confdefs.h. ##
## ----------- ##

#define PACKAGE_NAME "FreeType"
#define PACKAGE_TARNAME "freetype"
#define PACKAGE_VERSION "2.3.8"
#define PACKAGE_STRING "FreeType 2.3.8"
#define PACKAGE_BUGREPORT "freetype@nongnu.org"
#define STDC_HEADERS 1
#define HAVE_SYS_TYPES_H 1
#define HAVE_SYS_STAT_H 1
#define HAVE_STDLIB_H 1
#define HAVE_STRING_H 1
#define HAVE_INTTYPES_H 1
#define HAVE_STDINT_H 1
#define HAVE_UNISTD_H 1
#define HAVE_FCNTL_H 1
#define HAVE_UNISTD_H 1
#define SIZEOF_INT 4
#define SIZEOF_LONG 4
#define HAVE_STDLIB_H 1
#define HAVE_UNISTD_H 1
#define HAVE_MEMCPY 1
#define HAVE_MEMMOVE 1
#define LT_OBJDIR ".libs/"

configure: exit 0
